(22:32:33) asfa: adasfaf
(22:32:42) adasf: sfsgsdhs
(22:32:52) adasf: ffsg
(22:32:54) adasf: 
(22:32:46) asfa: dfsdghgg
(22:33:07) asfa: fgufif
(22:33:10) asfa: ghjhfkg
(22:33:11) asfa: gufigjufgi
(22:32:55) adasf: dfsdfsgsdh
(22:33:13) asfa: sfdfadfag
(22:34:18) adasf: dsafagg
(22:34:20) asfa: zczczczxv
(22:34:31) asfa: xvzxZbz
(22:34:32) asfa: xczxvzvdg
(22:34:23) adasf: zxxvzbzb
(22:34:36) adasf: zfzgsg
stop
(22:34:37) adasf: gfsgsdh
(23:44:09) rerw: dfsdgh
(23:44:32) rerw: sdgsdfgghs
(23:57:24) rte: ghdhdj
(23:57:37) ryerbd: dgfdfhdj
(23:58:08) ryerbd: 
(23:59:01) ryerbd: fgsdh
(23:58:02) rte: sdfsdfsdggh
(23:59:02) ryerbd: 
(23:59:10) ryerbd: fghfg
(23:59:11) ryerbd: sdfsdfsf
(23:59:47) rte: tydtyrtyr
(00:23:47) dasdasd: sfsfsd
(00:23:41) dfsgsgs: sdfsdf
(00:23:54) dasdasd: fsdfsdf
(00:24:04) dasdasd: ffgdgd
(00:24:05) dasdasd: dfgdg
(00:23:57) dfsgsgs: dfsdfsdf
(00:24:08) dfsgsgs: dffhd
(00:24:09) dfsgsgs: dffgd
(01:10:13) terf: fsds
(01:10:26) terf: fdgf
(01:14:08) terf: dsfd
(01:15:10) terf: dsfs
(01:22:25) terf: sdfsd
(01:32:49) dfgd: sfsdf
(01:34:10) dger: etert
(01:34:10) dger: ddyryd
(01:34:10) dger: hdrydryu
(01:34:10) dger: tdrtdtrd
(01:34:10) dger: rdydy
(01:34:10) dger: ydryd
(01:34:45) sg: fsfsd
(01:34:47) sg: gsg
(01:34:48) sg: dfsgdf
(01:34:49) sg: dgdgd
(20:42:29) dfgds: vzvzv
(20:42:00) sdh: XXCzc
(21:03:34) asdasd: dfhdhf
(21:03:37) asdasd: hgdfh
(21:10:05) sdfsd: gsdgs
(21:10:58) gsdgs: sdadsda
(21:11:08) sdfsd: czxczczxcz
(21:12:12) sdfsd: ftyf
(21:15:17) dsssdddd: dgsg
(21:15:06) sfa: dsfssd
(21:16:21) sfa: 
(21:16:21) sfa: 
(21:16:21) sfa: 
(21:15:20) dsssdddd: adada
(21:17:22) ff: dfdgf
(21:17:26) ff: sdfss
(21:17:42) ff: dsdfsdfs
(21:17:47) ff: fsfdsfd
(21:17:50) ff: dfgdgd
(21:18:03) gsdgsgd: sdfss
(21:18:06) gsdgsgd: fdg
(21:17:52) ff: gdgfd
(21:19:52) xcvv: sdfs
(21:19:55) xcvv: fhdfhd
(21:22:12) dgd: dgd
(21:23:50) sdfsdfs: gdfgd
(21:24:18) gdfdg: zxczczxcz
(21:24:21) gdfdg: xczczxvzv
(21:24:23) gdfdg: xvxcvx
(21:24:25) gdfdg: xcxb
(21:24:26) gdfdg: cs
(21:24:27) gdfdg: fsdf
(21:24:27) gdfdg: da
(21:24:28) gdfdg: s
(21:24:28) gdfdg: f
(21:24:28) gdfdg: sf
(21:24:28) gdfdg: da
(21:24:28) gdfdg: f
(21:24:28) gdfdg: a
(21:24:28) gdfdg: sf
(21:24:28) gdfdg: a
(21:24:28) gdfdg: sd
(21:24:28) gdfdg: a
(21:24:28) gdfdg: sdasd
(21:24:29) gdfdg: as
(21:24:29) gdfdg: d
(21:24:29) gdfdg: a
(21:24:29) gdfdg: d
(21:24:29) gdfdg: asd
(21:24:29) gdfdg: a
(21:24:29) gdfdg: sd
(21:24:29) gdfdg: a
(21:26:12) gsdg: sfdfs
(21:26:29) sfsdf: dsdasdasd
(21:26:31) sfsdf: sdsafa
(20-02-2023 21:29:56) fdsd: fsdfsdfs
(21:35:29) sfsd: dsfsdsgsgsg
(20-02-2023 21:35:32) dfgdf: fsdfsfdsfd
(20-02-2023 21:39:05) xcz: zxczcx
(21:39:03) dgfhd: xczxv
(21:39:10) dgfhd: zczxcz
(21:39:12) dgfhd: czs
(20-02-2023 21:49:18) sfs: zczxczc
(21:39:13) dgfhd: xzc
(20-02-2023 22:05:59) dfa: dhfd
(21-02-2023 20:08:46) asd: hgj
(21-02-2023 20:11:15) asd: gsdgs
(21-02-2023 20:11:23) asd: dsgsdg
(21-02-2023 20:11:07) wqe: easda
(21-02-2023 20:14:15) rwr: asdad
(21-02-2023 20:11:25) asd: sdasdfsf
rwr вышел(а) из чата.
(21-02-2023 20:14:25) asd: hdfss
(21-02-2023 20:31:24) dsg: gdfg
(21-02-2023 20:32:59) dgf: safaa
(21-02-2023 20:33:23) fgsdsdsgdsdg: ssdfsf
fgdfgd вышел(а) из чата.
Test message
Test message
(24-02-2023 21:11:38) Адам: Привет
(24-02-2023 21:12:41) Анна: Доброе утро
(24-02-2023 21:13:11) Анна: exit
Анна вышел(а) из чата.
(24-02-2023 21:13:47) tom: Hello
Обрыв соедиения у Tom
(11-03-2023 19:57:34) Tom: Hello
(11-03-2023 19:57:22) Ben: Привет . Как ваш день?
(11-03-2023 19:57:41) Tom: Good
Tom вышел(а) из чата.
Ben вышел(а) из чата.
Tom вышел(а) из чата.
